2024-05-15 20:31:42,694 [INFO] Activator:178 - 


2024-05-15 20:31:42,698 [INFO] Activator:179 - !SESSION log4j initialized
2024-05-15 20:31:48,895 [INFO] ApplicationProperties:181 - Using Application install path: C:\ST\STM32CubeIDE_1.4.0\STM32CubeIDE\plugins\com.st.stm32cube.common.mx_6.0.0.202007160824
2024-05-15 20:31:48,907 [INFO] DbMcusXml:70 - Set database path to: C:\ST\STM32CubeIDE_1.4.0\STM32CubeIDE\plugins\com.st.stm32cube.common.mx_6.0.0.202007160824\\db\/mcu/
2024-05-15 20:31:48,911 [INFO] DbBoardsPdsc:56 - Set plugin database path to: C:\ST\STM32CubeIDE_1.4.0\STM32CubeIDE\plugins\com.st.stm32cube.common.mx_6.0.0.202007160824\\db\/plugins/boardmanager/
2024-05-15 20:31:48,912 [INFO] DbMcus:258 - Set plugin images path to: C:\ST\STM32CubeIDE_1.4.0\STM32CubeIDE\plugins\com.st.stm32cube.common.mx_6.0.0.202007160824\\db\/plugins/mcufinder/images/
2024-05-15 20:31:48,912 [INFO] DbBoards:264 - Set plugin images path to: C:\ST\STM32CubeIDE_1.4.0\STM32CubeIDE\plugins\com.st.stm32cube.common.mx_6.0.0.202007160824\\db\/plugins/mcufinder/images/
2024-05-15 20:31:48,924 [INFO] DbExamples:326 - Set plugin images path to: C:\ST\STM32CubeIDE_1.4.0\STM32CubeIDE\plugins\com.st.stm32cube.common.mx_6.0.0.202007160824\\db\/plugins/mcufinder/images/
2024-05-15 20:31:48,930 [INFO] DbMcusDocs:112 - Set database path to: C:\Users\Hazem\.stmcufinder\plugins\mcufinder//mcu/
2024-05-15 20:31:48,932 [INFO] DbMcusJson:63 - Set database path to: C:\Users\Hazem\.stmcufinder\plugins\mcufinder//mcu/
2024-05-15 20:31:48,933 [INFO] DbBoardsDocs:112 - Set database path to: C:\Users\Hazem\.stmcufinder\plugins\mcufinder//mcu/
2024-05-15 20:31:48,934 [INFO] DbBoardsJson:56 - Set database path to: C:\Users\Hazem\.stmcufinder\plugins\mcufinder//mcu/
2024-05-15 20:31:48,937 [INFO] CrossReferenceDbSqlite:196 - Set database path to: C:\Users\Hazem\.stmcufinder\plugins\mcufinder//mcu/cs/
2024-05-15 20:31:48,940 [INFO] DbExamplesSqlite:800 - Set database path to: C:\Users\Hazem\.stmcufinder\plugins\mcufinder//mcu/
2024-05-15 20:31:49,096 [INFO] RulesReader:52 - Compatibility file has been processed (209 Rules)
2024-05-15 20:31:49,201 [INFO] MicroXplorer:564 - Detected Java Version = 1.8.0_252
2024-05-15 20:31:49,201 [INFO] DbMcusXml:70 - Set database path to: C:\ST\STM32CubeIDE_1.4.0\STM32CubeIDE\plugins\com.st.stm32cube.common.mx_6.0.0.202007160824\\db\/mcu/
2024-05-15 20:31:49,201 [INFO] DbBoardsPdsc:56 - Set plugin database path to: C:\ST\STM32CubeIDE_1.4.0\STM32CubeIDE\plugins\com.st.stm32cube.common.mx_6.0.0.202007160824\\db\/plugins/boardmanager/
2024-05-15 20:31:49,202 [INFO] DbMcus:258 - Set plugin images path to: C:\ST\STM32CubeIDE_1.4.0\STM32CubeIDE\plugins\com.st.stm32cube.common.mx_6.0.0.202007160824\\db\/plugins/mcufinder/images/
2024-05-15 20:31:49,202 [INFO] DbBoards:264 - Set plugin images path to: C:\ST\STM32CubeIDE_1.4.0\STM32CubeIDE\plugins\com.st.stm32cube.common.mx_6.0.0.202007160824\\db\/plugins/mcufinder/images/
2024-05-15 20:31:49,202 [INFO] DbExamples:326 - Set plugin images path to: C:\ST\STM32CubeIDE_1.4.0\STM32CubeIDE\plugins\com.st.stm32cube.common.mx_6.0.0.202007160824\\db\/plugins/mcufinder/images/
2024-05-15 20:31:49,202 [WARN] DbFile:36 - Overriding database path with different value: C:\Users\Hazem\.stmcufinder\plugins\mcufinder/ => C:\Users\Hazem\.stmcufinder\plugins\mcufinder
2024-05-15 20:31:49,203 [INFO] DbMcusDocs:112 - Set database path to: C:\Users\Hazem\.stmcufinder\plugins\mcufinder//mcu/
2024-05-15 20:31:49,203 [WARN] DbFile:36 - Overriding database path with different value: C:\Users\Hazem\.stmcufinder\plugins\mcufinder/ => C:\Users\Hazem\.stmcufinder\plugins\mcufinder
2024-05-15 20:31:49,203 [INFO] DbMcusJson:63 - Set database path to: C:\Users\Hazem\.stmcufinder\plugins\mcufinder//mcu/
2024-05-15 20:31:49,203 [WARN] DbFile:36 - Overriding database path with different value: C:\Users\Hazem\.stmcufinder\plugins\mcufinder/ => C:\Users\Hazem\.stmcufinder\plugins\mcufinder
2024-05-15 20:31:49,203 [INFO] DbBoardsDocs:112 - Set database path to: C:\Users\Hazem\.stmcufinder\plugins\mcufinder//mcu/
2024-05-15 20:31:49,203 [WARN] DbFile:36 - Overriding database path with different value: C:\Users\Hazem\.stmcufinder\plugins\mcufinder/ => C:\Users\Hazem\.stmcufinder\plugins\mcufinder
2024-05-15 20:31:49,204 [INFO] DbBoardsJson:56 - Set database path to: C:\Users\Hazem\.stmcufinder\plugins\mcufinder//mcu/
2024-05-15 20:31:49,204 [WARN] DbFile:36 - Overriding database path with different value: C:\Users\Hazem\.stmcufinder\plugins\mcufinder/ => C:\Users\Hazem\.stmcufinder\plugins\mcufinder
2024-05-15 20:31:49,204 [WARN] DbFile:36 - Overriding database path with different value: C:\Users\Hazem\.stmcufinder\plugins\mcufinder/ => C:\Users\Hazem\.stmcufinder\plugins\mcufinder
2024-05-15 20:31:49,204 [INFO] CrossReferenceDbSqlite:196 - Set database path to: C:\Users\Hazem\.stmcufinder\plugins\mcufinder//mcu/cs/
2024-05-15 20:31:49,204 [WARN] DbFile:36 - Overriding database path with different value: C:\Users\Hazem\.stmcufinder\plugins\mcufinder/ => C:\Users\Hazem\.stmcufinder\plugins\mcufinder
2024-05-15 20:31:49,204 [INFO] DbExamplesSqlite:800 - Set database path to: C:\Users\Hazem\.stmcufinder\plugins\mcufinder//mcu/
2024-05-15 20:31:49,279 [INFO] MainPanel:189 - HeapMemory: 268435456
2024-05-15 20:31:49,370 [INFO] DbMcusXml:70 - Set database path to: C:\ST\STM32CubeIDE_1.4.0\STM32CubeIDE\plugins\com.st.stm32cube.common.mx_6.0.0.202007160824\\db\/mcu/
2024-05-15 20:31:49,371 [INFO] DbBoardsPdsc:56 - Set plugin database path to: C:\ST\STM32CubeIDE_1.4.0\STM32CubeIDE\plugins\com.st.stm32cube.common.mx_6.0.0.202007160824\\db\/plugins/boardmanager/
2024-05-15 20:31:49,371 [INFO] DbMcus:258 - Set plugin images path to: C:\ST\STM32CubeIDE_1.4.0\STM32CubeIDE\plugins\com.st.stm32cube.common.mx_6.0.0.202007160824\\db\/plugins/mcufinder/images/
2024-05-15 20:31:49,371 [INFO] DbBoards:264 - Set plugin images path to: C:\ST\STM32CubeIDE_1.4.0\STM32CubeIDE\plugins\com.st.stm32cube.common.mx_6.0.0.202007160824\\db\/plugins/mcufinder/images/
2024-05-15 20:31:49,371 [INFO] DbExamples:326 - Set plugin images path to: C:\ST\STM32CubeIDE_1.4.0\STM32CubeIDE\plugins\com.st.stm32cube.common.mx_6.0.0.202007160824\\db\/plugins/mcufinder/images/
2024-05-15 20:31:49,372 [WARN] DbFile:36 - Overriding database path with different value: C:\Users\Hazem\.stmcufinder\plugins\mcufinder/ => C:\Users\Hazem\.stmcufinder\plugins\mcufinder
2024-05-15 20:31:49,372 [INFO] DbMcusDocs:112 - Set database path to: C:\Users\Hazem\.stmcufinder\plugins\mcufinder//mcu/
2024-05-15 20:31:49,372 [WARN] DbFile:36 - Overriding database path with different value: C:\Users\Hazem\.stmcufinder\plugins\mcufinder/ => C:\Users\Hazem\.stmcufinder\plugins\mcufinder
2024-05-15 20:31:49,372 [INFO] DbMcusJson:63 - Set database path to: C:\Users\Hazem\.stmcufinder\plugins\mcufinder//mcu/
2024-05-15 20:31:49,372 [WARN] DbFile:36 - Overriding database path with different value: C:\Users\Hazem\.stmcufinder\plugins\mcufinder/ => C:\Users\Hazem\.stmcufinder\plugins\mcufinder
2024-05-15 20:31:49,372 [INFO] DbBoardsDocs:112 - Set database path to: C:\Users\Hazem\.stmcufinder\plugins\mcufinder//mcu/
2024-05-15 20:31:49,372 [WARN] DbFile:36 - Overriding database path with different value: C:\Users\Hazem\.stmcufinder\plugins\mcufinder/ => C:\Users\Hazem\.stmcufinder\plugins\mcufinder
2024-05-15 20:31:49,373 [INFO] DbBoardsJson:56 - Set database path to: C:\Users\Hazem\.stmcufinder\plugins\mcufinder//mcu/
2024-05-15 20:31:49,373 [WARN] DbFile:36 - Overriding database path with different value: C:\Users\Hazem\.stmcufinder\plugins\mcufinder/ => C:\Users\Hazem\.stmcufinder\plugins\mcufinder
2024-05-15 20:31:49,373 [WARN] DbFile:36 - Overriding database path with different value: C:\Users\Hazem\.stmcufinder\plugins\mcufinder/ => C:\Users\Hazem\.stmcufinder\plugins\mcufinder
2024-05-15 20:31:49,373 [INFO] CrossReferenceDbSqlite:196 - Set database path to: C:\Users\Hazem\.stmcufinder\plugins\mcufinder//mcu/cs/
2024-05-15 20:31:49,373 [WARN] DbFile:36 - Overriding database path with different value: C:\Users\Hazem\.stmcufinder\plugins\mcufinder/ => C:\Users\Hazem\.stmcufinder\plugins\mcufinder
2024-05-15 20:31:49,373 [INFO] DbExamplesSqlite:800 - Set database path to: C:\Users\Hazem\.stmcufinder\plugins\mcufinder//mcu/
2024-05-15 20:31:49,393 [INFO] ApplicationProperties:181 - Using Application install path: C:\ST\STM32CubeIDE_1.4.0\STM32CubeIDE\plugins\com.st.stm32cube.common.mx_6.0.0.202007160824
2024-05-15 20:31:49,394 [INFO] PluginManage:178 - Search for loadable plugins [exclusion list=, ]
2024-05-15 20:31:49,395 [INFO] PluginManage:292 - Check plugin analytics
2024-05-15 20:32:01,236 [INFO] AnalyticsPlugin:203 - Accepted Software Licenses: 
2024-05-15 20:32:01,236 [INFO] AnalyticsPlugin:205 - Accepted CMSIS Pack Licenses: 
2024-05-15 20:32:01,237 [INFO] AnalyticsPlugin:207 - Accepted Firmware Licenses: 
2024-05-15 20:32:01,237 [INFO] PluginManage:342 - Loaded plugin analytics (category:tool,tabindex:-1)
2024-05-15 20:32:01,238 [INFO] PluginManage:292 - Check plugin clock
2024-05-15 20:32:01,270 [INFO] PluginManage:342 - Loaded plugin clock (category:base,tabindex:2)
2024-05-15 20:32:01,270 [INFO] PluginManage:292 - Check plugin ddr
2024-05-15 20:32:01,273 [INFO] PluginManage:342 - Loaded plugin ddr (category:tool,tabindex:6)
2024-05-15 20:32:01,273 [INFO] PluginManage:292 - Check plugin filemanager
2024-05-15 20:32:01,422 [INFO] PluginManage:342 - Loaded plugin filemanager (category:base,tabindex:10)
2024-05-15 20:32:01,422 [INFO] PluginManage:292 - Check plugin ipmanager
2024-05-15 20:32:01,432 [INFO] PluginManage:342 - Loaded plugin ipmanager (category:base,tabindex:5)
2024-05-15 20:32:01,432 [INFO] PluginManage:292 - Check plugin pinoutandconfiguration
2024-05-15 20:32:01,463 [INFO] PluginManage:342 - Loaded plugin pinoutandconfiguration (category:base,tabindex:1)
2024-05-15 20:32:01,463 [INFO] PluginManage:292 - Check plugin pinoutconfig
2024-05-15 20:32:01,510 [INFO] PluginManage:342 - Loaded plugin pinoutconfig (category:base,tabindex:0)
2024-05-15 20:32:01,510 [INFO] PluginManage:292 - Check plugin power
2024-05-15 20:32:01,533 [INFO] PluginManage:342 - Loaded plugin power (category:power,tabindex:4)
2024-05-15 20:32:01,534 [INFO] PluginManage:292 - Check plugin projectmanager
2024-05-15 20:32:01,553 [INFO] PluginManage:342 - Loaded plugin projectmanager (category:projectmanager,tabindex:3)
2024-05-15 20:32:01,553 [INFO] PluginManage:292 - Check plugin thirdparty
2024-05-15 20:32:01,737 [INFO] ThirdPartyDb:333 - Open Third Party DataBase File (C:/Users/Hazem/.stm32cubemx/plugins/thirdparty/db/thirdparties_db.xml) : 71 ms. number of Sw pack : 45
2024-05-15 20:32:01,744 [INFO] PluginManage:342 - Loaded plugin thirdparty (category:base,tabindex:-1)
2024-05-15 20:32:01,744 [INFO] PluginManage:292 - Check plugin tools
2024-05-15 20:32:01,823 [INFO] PluginManage:342 - Loaded plugin tools (category:base,tabindex:7)
2024-05-15 20:32:01,823 [INFO] PluginManage:292 - Check plugin tutovideos
2024-05-15 20:32:02,075 [INFO] PluginManage:342 - Loaded plugin tutovideos (category:base,tabindex:-1)
2024-05-15 20:32:02,076 [INFO] PluginManage:292 - Check plugin updater
2024-05-15 20:32:02,090 [INFO] PluginManage:342 - Loaded plugin updater (category:base,tabindex:12)
2024-05-15 20:32:02,091 [INFO] PluginManage:265 - PluginManage : Loaded plugins [13]
2024-05-15 20:32:02,263 [INFO] PinOutPanel:1418 - setPackage(No Configuration,No Configuration)
2024-05-15 20:32:02,366 [INFO] IPUIPlugin:64 - create IPUIPlugin
2024-05-15 20:32:02,366 [INFO] PluginManager:200 - loadIPPluginJar : add adc
2024-05-15 20:32:02,473 [INFO] IPUIPlugin:64 - create IPUIPlugin
2024-05-15 20:32:02,473 [INFO] PluginManager:200 - loadIPPluginJar : add aes
2024-05-15 20:32:02,551 [INFO] IPUIPlugin:64 - create IPUIPlugin
2024-05-15 20:32:02,551 [INFO] PluginManager:200 - loadIPPluginJar : add can
2024-05-15 20:32:02,590 [INFO] IPUIPlugin:64 - create IPUIPlugin
2024-05-15 20:32:02,590 [INFO] PluginManager:200 - loadIPPluginJar : add comp
2024-05-15 20:32:02,635 [INFO] IPUIPlugin:64 - create IPUIPlugin
2024-05-15 20:32:02,635 [INFO] PluginManager:200 - loadIPPluginJar : add cryp
2024-05-15 20:32:02,691 [INFO] IPUIPlugin:64 - create IPUIPlugin
2024-05-15 20:32:02,691 [INFO] PluginManager:200 - loadIPPluginJar : add dfsdm
2024-05-15 20:32:02,713 [INFO] IPUIPlugin:64 - create IPUIPlugin
2024-05-15 20:32:02,714 [INFO] PluginManager:200 - loadIPPluginJar : add dma
2024-05-15 20:32:02,754 [INFO] IPUIPlugin:64 - create IPUIPlugin
2024-05-15 20:32:02,754 [INFO] PluginManager:200 - loadIPPluginJar : add fatfs
2024-05-15 20:32:02,861 [INFO] IPUIPlugin:64 - create IPUIPlugin
2024-05-15 20:32:02,861 [INFO] PluginManager:200 - loadIPPluginJar : add fmc
2024-05-15 20:32:02,887 [INFO] IPUIPlugin:64 - create IPUIPlugin
2024-05-15 20:32:02,888 [INFO] PluginManager:200 - loadIPPluginJar : add freertos
2024-05-15 20:32:02,938 [INFO] IPUIPlugin:64 - create IPUIPlugin
2024-05-15 20:32:02,938 [INFO] PluginManager:200 - loadIPPluginJar : add genericplugin
2024-05-15 20:32:03,081 [INFO] IPUIPlugin:64 - create IPUIPlugin
2024-05-15 20:32:03,081 [INFO] PluginManager:200 - loadIPPluginJar : add gfxmmu
2024-05-15 20:32:03,275 [INFO] IPUIPlugin:64 - create IPUIPlugin
2024-05-15 20:32:03,276 [INFO] PluginManager:200 - loadIPPluginJar : add gic
2024-05-15 20:32:03,291 [INFO] IPUIPlugin:64 - create IPUIPlugin
2024-05-15 20:32:03,291 [INFO] PluginManager:200 - loadIPPluginJar : add gpio
2024-05-15 20:32:03,376 [INFO] IPUIPlugin:64 - create IPUIPlugin
2024-05-15 20:32:03,377 [INFO] PluginManager:200 - loadIPPluginJar : add gtzc
2024-05-15 20:32:03,423 [INFO] IPUIPlugin:64 - create IPUIPlugin
2024-05-15 20:32:03,424 [INFO] PluginManager:200 - loadIPPluginJar : add hash
2024-05-15 20:32:03,489 [INFO] IPUIPlugin:64 - create IPUIPlugin
2024-05-15 20:32:03,489 [INFO] PluginManager:200 - loadIPPluginJar : add i2c
2024-05-15 20:32:03,542 [INFO] IPUIPlugin:64 - create IPUIPlugin
2024-05-15 20:32:03,542 [INFO] PluginManager:200 - loadIPPluginJar : add i2s
2024-05-15 20:32:03,555 [INFO] IPUIPlugin:64 - create IPUIPlugin
2024-05-15 20:32:03,555 [INFO] PluginManager:200 - loadIPPluginJar : add ipddr
2024-05-15 20:32:03,607 [INFO] IPUIPlugin:64 - create IPUIPlugin
2024-05-15 20:32:03,607 [INFO] PluginManager:200 - loadIPPluginJar : add ltdc
2024-05-15 20:32:03,624 [INFO] IPUIPlugin:64 - create IPUIPlugin
2024-05-15 20:32:03,624 [INFO] PluginManager:200 - loadIPPluginJar : add mdma
2024-05-15 20:32:03,638 [INFO] IPUIPlugin:64 - create IPUIPlugin
2024-05-15 20:32:03,639 [INFO] PluginManager:200 - loadIPPluginJar : add nvic
2024-05-15 20:32:03,715 [INFO] IPUIPlugin:64 - create IPUIPlugin
2024-05-15 20:32:03,715 [INFO] PluginManager:200 - loadIPPluginJar : add opamp
2024-05-15 20:32:03,848 [INFO] IPUIPlugin:64 - create IPUIPlugin
2024-05-15 20:32:03,848 [INFO] PluginManager:200 - loadIPPluginJar : add openamp
2024-05-15 20:32:03,905 [INFO] IPUIPlugin:64 - create IPUIPlugin
2024-05-15 20:32:03,906 [INFO] PluginManager:200 - loadIPPluginJar : add pdm2pcm
2024-05-15 20:32:03,922 [INFO] IPUIPlugin:64 - create IPUIPlugin
2024-05-15 20:32:03,924 [INFO] PluginManager:200 - loadIPPluginJar : add plateformsettings
2024-05-15 20:32:03,958 [INFO] IPUIPlugin:64 - create IPUIPlugin
2024-05-15 20:32:03,959 [INFO] PluginManager:200 - loadIPPluginJar : add quadspi
2024-05-15 20:32:03,971 [INFO] IPUIPlugin:64 - create IPUIPlugin
2024-05-15 20:32:03,971 [INFO] PluginManager:200 - loadIPPluginJar : add resmgrutility
2024-05-15 20:32:04,030 [INFO] IPUIPlugin:64 - create IPUIPlugin
2024-05-15 20:32:04,030 [INFO] PluginManager:200 - loadIPPluginJar : add sai
2024-05-15 20:32:04,081 [INFO] IPUIPlugin:64 - create IPUIPlugin
2024-05-15 20:32:04,081 [INFO] PluginManager:200 - loadIPPluginJar : add spi
2024-05-15 20:32:04,139 [INFO] IPUIPlugin:64 - create IPUIPlugin
2024-05-15 20:32:04,139 [INFO] PluginManager:200 - loadIPPluginJar : add stm32_wpan
2024-05-15 20:32:04,175 [INFO] IPUIPlugin:64 - create IPUIPlugin
2024-05-15 20:32:04,176 [INFO] PluginManager:200 - loadIPPluginJar : add tim
2024-05-15 20:32:04,249 [INFO] IPUIPlugin:64 - create IPUIPlugin
2024-05-15 20:32:04,249 [INFO] PluginManager:200 - loadIPPluginJar : add touchsensing
2024-05-15 20:32:04,282 [INFO] IPUIPlugin:64 - create IPUIPlugin
2024-05-15 20:32:04,282 [INFO] PluginManager:200 - loadIPPluginJar : add tracer_emb
2024-05-15 20:32:04,320 [INFO] IPUIPlugin:64 - create IPUIPlugin
2024-05-15 20:32:04,320 [INFO] PluginManager:200 - loadIPPluginJar : add ts
2024-05-15 20:32:04,354 [INFO] IPUIPlugin:64 - create IPUIPlugin
2024-05-15 20:32:04,354 [INFO] PluginManager:200 - loadIPPluginJar : add tsc
2024-05-15 20:32:04,388 [INFO] IPUIPlugin:64 - create IPUIPlugin
2024-05-15 20:32:04,389 [INFO] PluginManager:200 - loadIPPluginJar : add ucpd
2024-05-15 20:32:04,441 [INFO] IPUIPlugin:64 - create IPUIPlugin
2024-05-15 20:32:04,441 [INFO] PluginManager:200 - loadIPPluginJar : add usart
2024-05-15 20:32:05,200 [INFO] CubeProgrammer:457 - [DDR PANEL] - PathOfProgrammer: null
2024-05-15 20:32:06,135 [FATAL] Updater:282 - Updater called before beeing initialized
2024-05-15 20:32:06,301 [FATAL] Updater:282 - Updater called before beeing initialized
2024-05-15 20:32:06,301 [WARN] ThirdParty:775 - waiting for thirdparty lock release [close project]
2024-05-15 20:32:06,302 [INFO] ThirdParty:777 - entering critical section [close project]
2024-05-15 20:32:06,302 [INFO] ThirdParty:790 - exiting critical section [close project]
2024-05-15 20:32:06,305 [INFO] PinOutPanel:1418 - setPackage(No Configuration,No Configuration)
2024-05-15 20:32:06,306 [FATAL] Updater:282 - Updater called before beeing initialized
2024-05-15 20:32:06,318 [ERROR] Updater:967 - MainUpdater not yet initialized. External WinMGr cannot be set.
2024-05-15 20:32:06,320 [INFO] CubeProgrammer:457 - [DDR PANEL] - PathOfProgrammer: C:\ST\STM32CubeIDE_1.4.0\STM32CubeIDE\plugins\com.st.stm32cube.ide.mcu.externaltools.cubeprogrammer.win32_1.4.0.202007081208\tools\bin
2024-05-15 20:32:06,326 [INFO] ProgrammerExecThread:148 - [ProgrammerAPI] CubeProgrammer command construction: C:\ST\STM32CubeIDE_1.4.0\STM32CubeIDE\plugins\com.st.stm32cube.ide.mcu.externaltools.cubeprogrammer.win32_1.4.0.202007081208\tools\bin\STM32_Programmer_CLI.exe -l
2024-05-15 20:32:06,849 [INFO] MainDdrPanel:49 - [DDR PANEL] SETTER - Set cubeProgrammerPath to: C:\ST\STM32CubeIDE_1.4.0\STM32CubeIDE\plugins\com.st.stm32cube.ide.mcu.externaltools.cubeprogrammer.win32_1.4.0.202007081208\tools\bin
2024-05-15 20:32:06,969 [INFO] Updater:904 - Updater Version found : 6.0.0
2024-05-15 20:32:06,987 [INFO] ApplicationProperties:181 - Using Application install path: C:\ST\STM32CubeIDE_1.4.0\STM32CubeIDE\plugins\com.st.stm32cube.common.mx_6.0.0.202007160824
2024-05-15 20:32:07,713 [INFO] MainUpdater:2268 - connection check result : 10
2024-05-15 20:32:07,714 [INFO] MainUpdater:239 - Updater Check For Update Now.
2024-05-15 20:32:07,714 [INFO] MicroXplorer:414 - Change Database Version : DB.6.0.0
2024-05-15 20:32:07,758 [WARN] IntegrityCheckThread:61 - waiting for thirdparty lock release [integrity check]
2024-05-15 20:32:07,758 [INFO] IntegrityCheckThread:63 - entering critical section [integrity check]
2024-05-15 20:32:07,758 [WARN] MainUpdater:1087 - Updater busy. Cannot search thirdparties
2024-05-15 20:32:07,795 [INFO] CheckServerUpdateThread:102 - End of CheckServer Thread
2024-05-15 20:32:07,849 [INFO] MainUpdater:2268 - connection check result : 10
2024-05-15 20:32:08,315 [INFO] McuFinderGlobals:40 - Set McuFinder mode to 2 (CubeIDE integrated)
2024-05-15 20:32:08,431 [INFO] CrossSelectorPresenter:1330 - Cross Selector saved comparison directory: C:\Users\Hazem\.stmcufinder\plugins\mcufinder\mcu\cs_comparisons_mx
2024-05-15 20:32:08,436 [INFO] MultiScanPanel:193 - Auto-refresh data requested => check proxy status ongoing
2024-05-15 20:32:08,438 [INFO] FinderPluginLoader:87 - Searching for filters in installed packs
2024-05-15 20:32:08,439 [INFO] DbMcusXml:100 - Load MCU database from C:\ST\STM32CubeIDE_1.4.0\STM32CubeIDE\plugins\com.st.stm32cube.common.mx_6.0.0.202007160824\\db\/mcu/families.xml
2024-05-15 20:32:09,250 [INFO] DbMcusJson:92 - JSON generation date=Tue Nov 16 18:17:54 EET 2021 (1637079474)
2024-05-15 20:32:10,292 [INFO] DbMcus:175 - Found 1761 MCUs (1722 are supported by CubeMX, 1911 are visible in CubeMX)
2024-05-15 20:32:10,293 [INFO] ApiDb:201 - Load user favorites file C:\Users\Hazem/.stm32cubeide/favorites.mcus.txt: 0 item(s)
2024-05-15 20:32:10,293 [INFO] ApiDb:205 - User favorites MCUs=[]
2024-05-15 20:32:10,293 [INFO] DbMcus:187 - Set 0 / 0 favorites MCUs
2024-05-15 20:32:10,729 [INFO] LoadUrlFilesThread:162 - End of LoadServerUrlFiles without Thread
2024-05-15 20:32:10,739 [INFO] DetailPanel:331 - Set advertising image to C:/Users/Hazem/STM32Cube/Repository/\stm32cubemx-promo_image.jpg
2024-05-15 20:32:11,114 [INFO] McuFilterPanel:245 - Update 0 favorites MCUs
2024-05-15 20:32:11,217 [INFO] DbBoardsPdsc:94 - Found 23 items
2024-05-15 20:32:11,234 [INFO] ThirdPartyDb:299 - Save Third Party DataBase File (C:/Users/Hazem/.stm32cubemx/plugins/thirdparty/db/thirdparties_db.xml) [forced]
2024-05-15 20:32:11,235 [INFO] DbBoardsPdsc:94 - Found 9 items
2024-05-15 20:32:11,248 [INFO] DbBoardsPdsc:94 - Found 29 items
2024-05-15 20:32:11,261 [INFO] DbBoardsPdsc:94 - Found 1 items
2024-05-15 20:32:11,285 [INFO] DbBoardsPdsc:94 - Found 44 items
2024-05-15 20:32:11,309 [INFO] DbBoardsPdsc:94 - Found 40 items
2024-05-15 20:32:11,312 [INFO] ThirdPartyDb:299 - Save Third Party DataBase File (C:/Users/Hazem/.stm32cubemx/plugins/thirdparty/db/thirdparties_db.xml) [forced]
2024-05-15 20:32:11,323 [INFO] DbBoardsPdsc:94 - Found 2 items
2024-05-15 20:32:11,338 [INFO] DbBoardsPdsc:94 - Found 4 items
2024-05-15 20:32:11,346 [WARN] DbBoardsPdsc:258 - Board STM32H7B3I-DK: unknown feature type=Audio, name=, username=Audio stereo codec with Headphone Amp (CS42L51-CNZ), n=1
2024-05-15 20:32:11,347 [WARN] DbBoardsPdsc:258 - Board STM32H735G-DK: unknown feature type=Audio, name=, username=Audio stereo codec with Headphone Amp (WM8994ECS/R), n=1
2024-05-15 20:32:11,349 [WARN] DbBoardsPdsc:258 - Board STM32H7B3I-EVAL: unknown feature type=Audio, name=, username=Multi-Channel Audio Codec (CS42L51-CNZ), n=1
2024-05-15 20:32:11,349 [WARN] DbBoardsPdsc:258 - Board STM32H7B3I-EVAL: unknown feature type=Meter, name=, username=Power-metering and Temperature-monitoring with sigma-delta modulators, n=1
2024-05-15 20:32:11,349 [WARN] DbBoardsPdsc:258 - Board STM32H7B3I-EVAL: unknown feature type=Motor, name=, username=Motor Control, n=1
2024-05-15 20:32:11,394 [INFO] DbBoardsJson:85 - JSON generation date=Tue Nov 16 18:17:54 EET 2021 (1637079474)
2024-05-15 20:32:11,402 [INFO] DbBoards:117 - Found 166 boards (149 are supported by CubeMX)
2024-05-15 20:32:11,419 [INFO] DbBoardsDocs:145 - JSON generation date=Tue Nov 16 18:17:54 EET 2021 (1637079474)
2024-05-15 20:32:11,421 [INFO] IntegrityCheckThread:76 - exiting critical section [integrity check]
2024-05-15 20:32:11,421 [INFO] IntegrityCheckThread:79 - End integrity checks thread
2024-05-15 20:32:11,426 [INFO] DbBoardsDocs:81 - Found 209 boards documents
2024-05-15 20:32:11,427 [WARN] DbBoards:127 - board B-L475E-IOT01A2 has no document id list !
2024-05-15 20:32:11,428 [WARN] DbBoards:127 - board NUCLEO-H743ZI has no document id list !
2024-05-15 20:32:11,430 [WARN] DbBoards:127 - board P-NUCLEO-WB55-Nucleo has no document id list !
2024-05-15 20:32:11,430 [WARN] DbBoards:127 - board P-NUCLEO-WB55-USBDongle has no document id list !
2024-05-15 20:32:11,430 [WARN] DbBoards:127 - board STEVAL-BFA001V1B has no document id list !
2024-05-15 20:32:11,430 [WARN] DbBoards:127 - board STEVAL-BFA001V2B has no document id list !
2024-05-15 20:32:11,431 [WARN] DbBoards:127 - board STEVAL-IDP005V1 has no document id list !
2024-05-15 20:32:11,431 [WARN] DbBoards:127 - board STEVAL-IDP005V2 has no document id list !
2024-05-15 20:32:11,431 [WARN] DbBoards:127 - board STEVAL-MKSBOX1V1 has no document id list !
2024-05-15 20:32:11,431 [WARN] DbBoards:127 - board STEVAL-STWINKT1 has no document id list !
2024-05-15 20:32:11,431 [WARN] DbBoards:127 - board STEVAL-STWINKT1B has no document id list !
2024-05-15 20:32:11,431 [WARN] DbBoards:127 - board STM32439I-EVAL2 has no document id list !
2024-05-15 20:32:11,432 [WARN] DbBoards:127 - board STM32F401C-DISCO has no document id list !
2024-05-15 20:32:11,432 [WARN] DbBoards:127 - board STM32F769I-DISC1 has no document id list !
2024-05-15 20:32:11,433 [WARN] DbBoards:127 - board STM32G474E-EVAL1 has no document id list !
2024-05-15 20:32:11,433 [WARN] DbBoards:127 - board STM32H743I-EVAL2 has no document id list !
2024-05-15 20:32:11,434 [WARN] DbBoards:127 - board STM32H747I-DISC1 has no document id list !
2024-05-15 20:32:11,434 [WARN] DbBoards:127 - board STM32H753I-EVAL2 has no document id list !
2024-05-15 20:32:11,434 [WARN] DbBoards:127 - board STM32L-DISCOVERY has no document id list !
2024-05-15 20:32:11,538 [ERROR] DbBoards:189 - Image file not found for board B-L462E-CELL1: C:\ST\STM32CubeIDE_1.4.0\STM32CubeIDE\plugins\com.st.stm32cube.common.mx_6.0.0.202007160824\\db\/plugins/mcufinder/images/boards/B-L462E-CELL1_small.jpg
2024-05-15 20:32:11,598 [ERROR] DbBoards:189 - Image file not found for board B-U585I-IOT02A: C:\ST\STM32CubeIDE_1.4.0\STM32CubeIDE\plugins\com.st.stm32cube.common.mx_6.0.0.202007160824\\db\/plugins/mcufinder/images/boards/B-U585I-IOT02A_small.jpg
2024-05-15 20:32:11,699 [ERROR] DbBoards:189 - Image file not found for board NUCLEO-F413ZH: C:\ST\STM32CubeIDE_1.4.0\STM32CubeIDE\plugins\com.st.stm32cube.common.mx_6.0.0.202007160824\\db\/plugins/mcufinder/images/boards/nucleo-f413zh_small.jpg
2024-05-15 20:32:11,861 [ERROR] DbBoards:189 - Image file not found for board NUCLEO-L552ZE-Q: C:\ST\STM32CubeIDE_1.4.0\STM32CubeIDE\plugins\com.st.stm32cube.common.mx_6.0.0.202007160824\\db\/plugins/mcufinder/images/boards/nucleo_l552ze_q_small.jpg
2024-05-15 20:32:11,861 [ERROR] DbBoards:189 - Image file not found for board NUCLEO-U575ZI-Q: C:\ST\STM32CubeIDE_1.4.0\STM32CubeIDE\plugins\com.st.stm32cube.common.mx_6.0.0.202007160824\\db\/plugins/mcufinder/images/boards/nucleo-u575zi-q_small.jpg
2024-05-15 20:32:11,861 [ERROR] DbBoards:189 - Image file not found for board NUCLEO-WB15CC: C:\ST\STM32CubeIDE_1.4.0\STM32CubeIDE\plugins\com.st.stm32cube.common.mx_6.0.0.202007160824\\db\/plugins/mcufinder/images/boards/nucleo-wb15cc_small.jpg
2024-05-15 20:32:11,861 [ERROR] DbBoards:189 - Image file not found for board NUCLEO-WB55RG: C:\ST\STM32CubeIDE_1.4.0\STM32CubeIDE\plugins\com.st.stm32cube.common.mx_6.0.0.202007160824\\db\/plugins/mcufinder/images/boards/nucleo-wb55rg_small.jpg
2024-05-15 20:32:11,861 [ERROR] DbBoards:189 - Image file not found for board NUCLEO-WL55JC: C:\ST\STM32CubeIDE_1.4.0\STM32CubeIDE\plugins\com.st.stm32cube.common.mx_6.0.0.202007160824\\db\/plugins/mcufinder/images/boards/nucleo-wl55jc-small.jpg
2024-05-15 20:32:12,043 [ERROR] DbBoards:189 - Image file not found for board STEVAL-STWINKT1B: C:\ST\STM32CubeIDE_1.4.0\STM32CubeIDE\plugins\com.st.stm32cube.common.mx_6.0.0.202007160824\\db\/plugins/mcufinder/images/boards/steval-stwinkt1b_small.jpg
2024-05-15 20:32:12,357 [ERROR] DbBoards:189 - Image file not found for board STM32G0C1E-EV: C:\ST\STM32CubeIDE_1.4.0\STM32CubeIDE\plugins\com.st.stm32cube.common.mx_6.0.0.202007160824\\db\/plugins/mcufinder/images/boards/stm32g0c1e-eval_small.jpg
2024-05-15 20:32:12,490 [ERROR] DbBoards:189 - Image file not found for board STM32H7B3I-EVAL: C:\ST\STM32CubeIDE_1.4.0\STM32CubeIDE\plugins\com.st.stm32cube.common.mx_6.0.0.202007160824\\db\/plugins/mcufinder/images/boards/stm32h7b3ieval_small.jpg
2024-05-15 20:32:12,697 [ERROR] DbBoards:189 - Image file not found for board STM32U575I-EV: C:\ST\STM32CubeIDE_1.4.0\STM32CubeIDE\plugins\com.st.stm32cube.common.mx_6.0.0.202007160824\\db\/plugins/mcufinder/images/boards/stm32u575i-ev_small.jpg
2024-05-15 20:32:12,727 [ERROR] DbBoards:189 - Image file not found for board STM32WB5MM-DK: C:\ST\STM32CubeIDE_1.4.0\STM32CubeIDE\plugins\com.st.stm32cube.common.mx_6.0.0.202007160824\\db\/plugins/mcufinder/images/boards/STM32WB5MM-DK_small.jpg
2024-05-15 20:32:12,727 [INFO] ApiDb:201 - Load user favorites file C:\Users\Hazem/.stm32cubeide/favorites.boards.txt: 0 item(s)
2024-05-15 20:32:12,728 [INFO] ApiDb:205 - User favorites Boards=[]
2024-05-15 20:32:12,728 [INFO] DbBoards:206 - Set 0 / 0 favorites Boards
2024-05-15 20:32:33,084 [INFO] DbMcusDocs:145 - JSON generation date=Tue Nov 16 18:17:54 EET 2021 (1637079474)
2024-05-15 20:32:33,387 [INFO] DbMcusDocs:81 - Found 682 MCUs documents
2024-05-15 20:33:06,895 [INFO] LogOutputStream:76 - [STDOUT_REDIRECT] withoutVersionV1.8.4
2024-05-15 20:33:06,895 [INFO] LogOutputStream:76 - [STDOUT_REDIRECT] withoutVersionV1.8.3
2024-05-15 20:33:06,896 [INFO] LogOutputStream:76 - [STDOUT_REDIRECT] withoutVersionV1.8.2
2024-05-15 20:33:06,896 [INFO] LogOutputStream:76 - [STDOUT_REDIRECT] withoutVersionV1.8.1
2024-05-15 20:33:06,896 [INFO] LogOutputStream:76 - [STDOUT_REDIRECT] withoutVersionV1.8.0
2024-05-15 20:33:12,502 [INFO] ApiDb:226 - Save user favorites file C:\Users\Hazem/.stm32cubeide/favorites.mcus.txt: 0 item(s)
2024-05-15 20:33:12,503 [INFO] ApiDb:230 - User favorites MCUs=[]
2024-05-15 20:56:29,359 [INFO] MainUpdater:2268 - connection check result : 10
2024-05-15 20:56:29,439 [INFO] McuFinderGlobals:40 - Set McuFinder mode to 2 (CubeIDE integrated)
2024-05-15 20:56:29,492 [INFO] CrossSelectorPresenter:1330 - Cross Selector saved comparison directory: C:\Users\Hazem\.stmcufinder\plugins\mcufinder\mcu\cs_comparisons_mx
2024-05-15 20:56:29,494 [INFO] MultiScanPanel:193 - Auto-refresh data requested => check proxy status ongoing
2024-05-15 20:56:29,494 [INFO] FinderPluginLoader:87 - Searching for filters in installed packs
2024-05-15 20:56:29,646 [INFO] LoadUrlFilesThread:162 - End of LoadServerUrlFiles without Thread
2024-05-15 20:56:29,646 [INFO] DetailPanel:331 - Set advertising image to C:/Users/Hazem/STM32Cube/Repository/\stm32cubemx-promo_image.jpg
2024-05-15 20:56:29,893 [INFO] McuFilterPanel:245 - Update 0 favorites MCUs
2024-05-15 20:57:12,190 [INFO] LogOutputStream:76 - [STDOUT_REDIRECT] withoutVersionV1.8.4
2024-05-15 20:57:12,190 [INFO] LogOutputStream:76 - [STDOUT_REDIRECT] withoutVersionV1.8.3
2024-05-15 20:57:12,190 [INFO] LogOutputStream:76 - [STDOUT_REDIRECT] withoutVersionV1.8.2
2024-05-15 20:57:12,190 [INFO] LogOutputStream:76 - [STDOUT_REDIRECT] withoutVersionV1.8.1
2024-05-15 20:57:12,195 [INFO] LogOutputStream:76 - [STDOUT_REDIRECT] withoutVersionV1.8.0
2024-05-15 20:57:13,995 [INFO] ApiDb:226 - Save user favorites file C:\Users\Hazem/.stm32cubeide/favorites.mcus.txt: 0 item(s)
2024-05-15 20:57:13,995 [INFO] ApiDb:230 - User favorites MCUs=[]
